2025-04-19T00:10:58.842+03:00  WARN 35474 --- [family] [HikariPool-1 housekeeper] com.zaxxer.hikari.pool.HikariPool        : HikariPool-1 - Thread starvation or clock leap detected (housekeeper delta=1h20m55s56ms).
2025-04-19T01:22:38.917+03:00  WARN 35474 --- [family] [HikariPool-1 housekeeper] com.zaxxer.hikari.pool.HikariPool        : HikariPool-1 - Thread starvation or clock leap detected (housekeeper delta=1h11m40s76ms).
2025-04-19T03:03:39.168+03:00  WARN 35474 --- [family] [HikariPool-1 housekeeper] com.zaxxer.hikari.pool.HikariPool        : HikariPool-1 - Thread starvation or clock leap detected (housekeeper delta=1h41m251ms).
2025-04-19T04:28:29.512+03:00  WARN 35474 --- [family] [HikariPool-1 housekeeper] com.zaxxer.hikari.pool.HikariPool        : HikariPool-1 - Thread starvation or clock leap detected (housekeeper delta=1h24m50s344ms).
2025-04-19T05:54:22.690+03:00  WARN 35474 --- [family] [HikariPool-1 housekeeper] com.zaxxer.hikari.pool.HikariPool        : HikariPool-1 - Thread starvation or clock leap detected (housekeeper delta=1h25m53s178ms).
2025-04-19T07:04:54.473+03:00  WARN 35474 --- [family] [HikariPool-1 housekeeper] com.zaxxer.hikari.pool.HikariPool        : HikariPool-1 - Thread starvation or clock leap detected (housekeeper delta=1h10m31s782ms).
2025-04-19T08:23:02.312+03:00  WARN 35474 --- [family] [HikariPool-1 housekeeper] com.zaxxer.hikari.pool.HikariPool        : HikariPool-1 - Thread starvation or clock leap detected (housekeeper delta=1h18m7s839ms).
2025-04-19T09:51:51.783+03:00  WARN 35474 --- [family] [HikariPool-1 housekeeper] com.zaxxer.hikari.pool.HikariPool        : HikariPool-1 - Thread starvation or clock leap detected (housekeeper delta=1h28m49s472ms).
2025-04-19T10:05:34.039+03:00  WARN 35474 --- [family] [HikariPool-1 housekeeper] com.zaxxer.hikari.pool.HikariPool        : HikariPool-1 - Thread starvation or clock leap detected (housekeeper delta=13m42s256ms).
2025-04-19T10:10:36.513+03:00  INFO 35474 --- [family] [http-nio-8080-exec-1] o.a.c.c.C.[Tomcat].[localhost].[/]       : Initializing Spring DispatcherServlet 'dispatcherServlet'
2025-04-19T10:10:36.514+03:00  INFO 35474 --- [family] [http-nio-8080-exec-1] o.s.web.servlet.DispatcherServlet        : Initializing Servlet 'dispatcherServlet'
2025-04-19T10:10:36.530+03:00  INFO 35474 --- [family] [http-nio-8080-exec-1] o.s.web.servlet.DispatcherServlet        : Completed initialization in 16 ms
2025-04-19T10:11:05.761+03:00  WARN 35474 --- [family] [reactor-http-nio-4] r.netty.http.client.HttpClientConnect    : [bbced45d-1, L:/127.0.0.1:51107 - R:localhost/127.0.0.1:11434] The connection observed an error

io.netty.handler.timeout.ReadTimeoutException: null

2025-04-19T10:11:05.779+03:00 ERROR 35474 --- [family] [http-nio-8080-exec-2] o.a.c.c.C.[.[.[/].[dispatcherServlet]    : Servlet.service() for servlet [dispatcherServlet] in context with path [] threw exception [Request processing failed: org.springframework.web.client.ResourceAccessException: I/O error on POST request for "http://localhost:11434/api/chat": null] with root cause

io.netty.handler.timeout.ReadTimeoutException: null

2025-04-19T10:15:15.469+03:00  INFO 35474 --- [family] [SpringApplicationShutdownHook] o.s.b.w.e.tomcat.GracefulShutdown        : Commencing graceful shutdown. Waiting for active requests to complete
2025-04-19T10:15:15.478+03:00  INFO 35474 --- [family] [tomcat-shutdown] o.s.b.w.e.tomcat.GracefulShutdown        : Graceful shutdown complete
2025-04-19T10:15:17.586+03:00  INFO 35474 --- [family] [SpringApplicationShutdownHook] j.LocalContainerEntityManagerFactoryBean : Closing JPA EntityManagerFactory for persistence unit 'default'
2025-04-19T10:15:17.596+03:00  INFO 35474 --- [family] [SpringApplicationShutdownHook] com.zaxxer.hikari.HikariDataSource       : HikariPool-1 - Shutdown initiated...
2025-04-19T10:15:17.599+03:00  INFO 35474 --- [family] [SpringApplicationShutdownHook] com.zaxxer.hikari.HikariDataSource       : HikariPool-1 - Shutdown completed.
2025-04-19T10:15:20.228+03:00  INFO 36444 --- [family] [main] rut.uvp.family.FamilyApplicationKt       : Starting FamilyApplicationKt using Java 17.0.14 with PID 36444 (/Users/glebporosin/IdeaProjects/AI-tutor/build/classes/kotlin/main started by glebporosin in /Users/glebporosin/IdeaProjects/AI-tutor)
2025-04-19T10:15:20.229+03:00  INFO 36444 --- [family] [main] rut.uvp.family.FamilyApplicationKt       : No active profile set, falling back to 1 default profile: "default"
2025-04-19T10:15:20.553+03:00  INFO 36444 --- [family] [main] .s.d.r.c.RepositoryConfigurationDelegate : Bootstrapping Spring Data JPA repositories in DEFAULT mode.
2025-04-19T10:15:20.609+03:00  INFO 36444 --- [family] [main] .s.d.r.c.RepositoryConfigurationDelegate : Finished Spring Data repository scanning in 53 ms. Found 4 JPA repository interfaces.
2025-04-19T10:15:20.823+03:00  INFO 36444 --- [family] [main] o.s.b.w.embedded.tomcat.TomcatWebServer  : Tomcat initialized with port 8080 (http)
2025-04-19T10:15:20.828+03:00  INFO 36444 --- [family] [main] o.apache.catalina.core.StandardService   : Starting service [Tomcat]
2025-04-19T10:15:20.828+03:00  INFO 36444 --- [family] [main] o.apache.catalina.core.StandardEngine    : Starting Servlet engine: [Apache Tomcat/10.1.36]
2025-04-19T10:15:20.844+03:00  INFO 36444 --- [family] [main] o.a.c.c.C.[Tomcat].[localhost].[/]       : Initializing Spring embedded WebApplicationContext
2025-04-19T10:15:20.844+03:00  INFO 36444 --- [family] [main] w.s.c.ServletWebServerApplicationContext : Root WebApplicationContext: initialization completed in 597 ms
2025-04-19T10:15:20.921+03:00  INFO 36444 --- [family] [main] com.zaxxer.hikari.HikariDataSource       : HikariPool-1 - Starting...
2025-04-19T10:15:20.989+03:00  INFO 36444 --- [family] [main] com.zaxxer.hikari.pool.HikariPool        : HikariPool-1 - Added connection conn0: url=jdbc:h2:mem:testdb user=SA
2025-04-19T10:15:20.990+03:00  INFO 36444 --- [family] [main] com.zaxxer.hikari.HikariDataSource       : HikariPool-1 - Start completed.
2025-04-19T10:15:21.005+03:00  INFO 36444 --- [family] [main] org.flywaydb.core.FlywayExecutor         : Database: jdbc:h2:mem:testdb (H2 2.3)
2025-04-19T10:15:21.007+03:00  WARN 36444 --- [family] [main] o.f.c.internal.database.base.Database    : Flyway upgrade recommended: H2 2.3.232 is newer than this version of Flyway and support has not been tested. The latest supported version of H2 is 2.2.224.
2025-04-19T10:15:21.013+03:00  INFO 36444 --- [family] [main] o.f.c.i.s.JdbcTableSchemaHistory         : Schema history table "PUBLIC"."flyway_schema_history" does not exist yet
2025-04-19T10:15:21.014+03:00  INFO 36444 --- [family] [main] o.f.core.internal.command.DbValidate     : Successfully validated 1 migration (execution time 00:00.003s)
2025-04-19T10:15:21.016+03:00  INFO 36444 --- [family] [main] o.f.c.i.s.JdbcTableSchemaHistory         : Creating Schema History table "PUBLIC"."flyway_schema_history" ...
2025-04-19T10:15:21.028+03:00  INFO 36444 --- [family] [main] o.f.core.internal.command.DbMigrate      : Current version of schema "PUBLIC": << Empty Schema >>
2025-04-19T10:15:21.030+03:00  INFO 36444 --- [family] [main] o.f.core.internal.command.DbMigrate      : Migrating schema "PUBLIC" to version "1 - init"
2025-04-19T10:15:21.039+03:00  INFO 36444 --- [family] [main] o.f.core.internal.command.DbMigrate      : Successfully applied 1 migration to schema "PUBLIC", now at version v1 (execution time 00:00.003s)
2025-04-19T10:15:21.084+03:00  INFO 36444 --- [family] [main] o.hibernate.jpa.internal.util.LogHelper  : HHH000204: Processing PersistenceUnitInfo [name: default]
2025-04-19T10:15:21.110+03:00  INFO 36444 --- [family] [main] org.hibernate.Version                    : HHH000412: Hibernate ORM core version 6.6.8.Final
2025-04-19T10:15:21.124+03:00  INFO 36444 --- [family] [main] o.h.c.internal.RegionFactoryInitiator    : HHH000026: Second-level cache disabled
2025-04-19T10:15:21.222+03:00  INFO 36444 --- [family] [main] o.s.o.j.p.SpringPersistenceUnitInfo      : No LoadTimeWeaver setup: ignoring JPA class transformer
2025-04-19T10:15:21.250+03:00  INFO 36444 --- [family] [main] org.hibernate.orm.connections.pooling    : HHH10001005: Database info:
	Database JDBC URL [Connecting through datasource 'HikariDataSource (HikariPool-1)']
	Database driver: undefined/unknown
	Database version: 2.3.232
	Autocommit mode: undefined/unknown
	Isolation level: undefined/unknown
	Minimum pool size: undefined/unknown
	Maximum pool size: undefined/unknown
2025-04-19T10:15:21.466+03:00  INFO 36444 --- [family] [main] o.h.m.i.EntityInstantiatorPojoStandard   : HHH000182: No default (no-argument) constructor for class: rut.uvp.family.model.CalendarEvent (class must be instantiated by Interceptor)
2025-04-19T10:15:21.466+03:00  INFO 36444 --- [family] [main] o.h.m.i.EntityInstantiatorPojoStandard   : HHH000182: No default (no-argument) constructor for class: rut.uvp.family.model.User (class must be instantiated by Interceptor)
2025-04-19T10:15:21.518+03:00  INFO 36444 --- [family] [main] o.h.e.t.j.p.i.JtaPlatformInitiator       : HHH000489: No JTA platform available (set 'hibernate.transaction.jta.platform' to enable JTA platform integration)
2025-04-19T10:15:21.526+03:00  INFO 36444 --- [family] [main] j.LocalContainerEntityManagerFactoryBean : Initialized JPA EntityManagerFactory for persistence unit 'default'
2025-04-19T10:15:22.086+03:00  WARN 36444 --- [family] [main] JpaBaseConfiguration$JpaWebConfiguration : spring.jpa.open-in-view is enabled by default. Therefore, database queries may be performed during view rendering. Explicitly configure spring.jpa.open-in-view to disable this warning
2025-04-19T10:15:22.101+03:00  WARN 36444 --- [family] [main] .s.s.UserDetailsServiceAutoConfiguration : 

Using generated security password: c650ec59-da31-4271-9060-c8f8dc0d550a

This generated password is for development use only. Your security configuration must be updated before running your application in production.

2025-04-19T10:15:22.104+03:00  INFO 36444 --- [family] [main] r$InitializeUserDetailsManagerConfigurer : Global AuthenticationManager configured with UserDetailsService bean with name inMemoryUserDetailsManager
2025-04-19T10:15:22.273+03:00  INFO 36444 --- [family] [main] o.s.b.w.embedded.tomcat.TomcatWebServer  : Tomcat started on port 8080 (http) with context path '/'
2025-04-19T10:15:22.278+03:00  INFO 36444 --- [family] [main] rut.uvp.family.FamilyApplicationKt       : Started FamilyApplicationKt in 2.218 seconds (process running for 2.468)
2025-04-19T10:15:37.724+03:00  INFO 36444 --- [family] [http-nio-8080-exec-1] o.a.c.c.C.[Tomcat].[localhost].[/]       : Initializing Spring DispatcherServlet 'dispatcherServlet'
2025-04-19T10:15:37.724+03:00  INFO 36444 --- [family] [http-nio-8080-exec-1] o.s.web.servlet.DispatcherServlet        : Initializing Servlet 'dispatcherServlet'
2025-04-19T10:15:37.726+03:00  INFO 36444 --- [family] [http-nio-8080-exec-1] o.s.web.servlet.DispatcherServlet        : Completed initialization in 2 ms
2025-04-19T10:16:31.208+03:00  INFO 36444 --- [family] [http-nio-8080-exec-2] rut.uvp.family.service.KudaGoService     : KudaGo request URL: https://kudago.com/public-api/v1.4/events?city=%D0%9C%D0%BE%D1%81%D0%BA%D0%B2%D0%B0&actual_since=2025-04-19
2025-04-19T10:16:31.812+03:00 ERROR 36444 --- [family] [http-nio-8080-exec-2] rut.uvp.family.service.KudaGoService     : KudaGo request falling back to unknown exception

java.lang.RuntimeException: KudaGo error: 301
	at rut.uvp.family.service.KudaGoService.searchEvents$lambda$3(KudaGoService.kt:34) ~[main/:na]
	Suppressed: reactor.core.publisher.FluxOnAssembly$OnAssemblyException: 
Error has been observed at the following site(s):
	*__checkpoint ⇢ 301 MOVED_PERMANENTLY from GET https://kudago.com/public-api/v1.4/events [DefaultWebClient]
Original Stack Trace:
		at rut.uvp.family.service.KudaGoService.searchEvents$lambda$3(KudaGoService.kt:34) ~[main/:na]
		at org.springframework.web.reactive.function.client.DefaultWebClient$DefaultResponseSpec$StatusHandler.apply(DefaultWebClient.java:729) ~[spring-webflux-6.2.3.jar:6.2.3]
		at org.springframework.web.reactive.function.client.DefaultWebClient$DefaultResponseSpec.applyStatusHandlers(DefaultWebClient.java:694) ~[spring-webflux-6.2.3.jar:6.2.3]
		at org.springframework.web.reactive.function.client.DefaultWebClient$DefaultResponseSpec.handleBodyMono(DefaultWebClient.java:663) ~[spring-webflux-6.2.3.jar:6.2.3]
		at org.springframework.web.reactive.function.client.DefaultWebClient$DefaultResponseSpec.lambda$bodyToMono$2(DefaultWebClient.java:581) ~[spring-webflux-6.2.3.jar:6.2.3]
		at reactor.core.publisher.MonoFlatMap$FlatMapMain.onNext(MonoFlatMap.java:132) ~[reactor-core-3.7.3.jar:3.7.3]
		at reactor.core.publisher.FluxContextWrite$ContextWriteSubscriber.onNext(FluxContextWrite.java:107) ~[reactor-core-3.7.3.jar:3.7.3]
		at reactor.core.publisher.FluxDoFinally$DoFinallySubscriber.onNext(FluxDoFinally.java:113) ~[reactor-core-3.7.3.jar:3.7.3]
		at reactor.core.publisher.MonoPeekTerminal$MonoTerminalPeekSubscriber.onNext(MonoPeekTerminal.java:180) ~[reactor-core-3.7.3.jar:3.7.3]
		at reactor.core.publisher.FluxPeekFuseable$PeekConditionalSubscriber.onNext(FluxPeekFuseable.java:854) ~[reactor-core-3.7.3.jar:3.7.3]
		at reactor.core.publisher.FluxSwitchIfEmpty$SwitchIfEmptySubscriber.onNext(FluxSwitchIfEmpty.java:74) ~[reactor-core-3.7.3.jar:3.7.3]
		at reactor.core.publisher.FluxPeek$PeekSubscriber.onNext(FluxPeek.java:200) ~[reactor-core-3.7.3.jar:3.7.3]
		at reactor.core.publisher.FluxMap$MapSubscriber.onNext(FluxMap.java:122) ~[reactor-core-3.7.3.jar:3.7.3]
		at reactor.core.publisher.FluxOnErrorResume$ResumeSubscriber.onNext(FluxOnErrorResume.java:79) ~[reactor-core-3.7.3.jar:3.7.3]
		at reactor.core.publisher.FluxPeek$PeekSubscriber.onNext(FluxPeek.java:200) ~[reactor-core-3.7.3.jar:3.7.3]
		at reactor.core.publisher.FluxPeek$PeekSubscriber.onNext(FluxPeek.java:200) ~[reactor-core-3.7.3.jar:3.7.3]
		at reactor.core.publisher.MonoIgnoreThen$ThenIgnoreMain.complete(MonoIgnoreThen.java:294) ~[reactor-core-3.7.3.jar:3.7.3]
		at reactor.core.publisher.MonoIgnoreThen$ThenIgnoreMain.onNext(MonoIgnoreThen.java:188) ~[reactor-core-3.7.3.jar:3.7.3]
		at reactor.core.publisher.FluxMap$MapSubscriber.onNext(FluxMap.java:122) ~[reactor-core-3.7.3.jar:3.7.3]
		at reactor.core.publisher.MonoCompletionStage$MonoCompletionStageSubscription.apply(MonoCompletionStage.java:121) ~[reactor-core-3.7.3.jar:3.7.3]
		at reactor.core.publisher.MonoCompletionStage$MonoCompletionStageSubscription.apply(MonoCompletionStage.java:67) ~[reactor-core-3.7.3.jar:3.7.3]
		at java.base/java.util.concurrent.CompletableFuture.uniHandle(CompletableFuture.java:934) ~[na:na]
		at java.base/java.util.concurrent.CompletableFuture$UniHandle.tryFire(CompletableFuture.java:911) ~[na:na]
		at java.base/java.util.concurrent.CompletableFuture.postComplete(CompletableFuture.java:510) ~[na:na]
		at java.base/java.util.concurrent.CompletableFuture.postFire(CompletableFuture.java:614) ~[na:na]
		at java.base/java.util.concurrent.CompletableFuture$UniWhenComplete.tryFire(CompletableFuture.java:844) ~[na:na]
		at java.base/java.util.concurrent.CompletableFuture$Completion.exec(CompletableFuture.java:483) ~[na:na]
		at java.base/java.util.concurrent.ForkJoinTask.doExec(ForkJoinTask.java:373) ~[na:na]
		at java.base/java.util.concurrent.ForkJoinPool$WorkQueue.topLevelExec(ForkJoinPool.java:1182) ~[na:na]
		at java.base/java.util.concurrent.ForkJoinPool.scan(ForkJoinPool.java:1655) ~[na:na]
		at java.base/java.util.concurrent.ForkJoinPool.runWorker(ForkJoinPool.java:1622) ~[na:na]
		at java.base/java.util.concurrent.ForkJoinWorkerThread.run(ForkJoinWorkerThread.java:165) ~[na:na]
	Suppressed: java.lang.Exception: #block terminated with an error
		at reactor.core.publisher.BlockingSingleSubscriber.blockingGet(BlockingSingleSubscriber.java:104) ~[reactor-core-3.7.3.jar:3.7.3]
		at reactor.core.publisher.Mono.block(Mono.java:1779) ~[reactor-core-3.7.3.jar:3.7.3]
		at rut.uvp.family.service.KudaGoService.searchEvents(KudaGoService.kt:38) ~[main/:na]
		at rut.uvp.family.controller.ChatController.sendMessage(ChatController.kt:30) ~[main/:na]
		at java.base/jdk.internal.reflect.NativeMethodAccessorImpl.invoke0(Native Method) ~[na:na]
		at java.base/jdk.internal.reflect.NativeMethodAccessorImpl.invoke(NativeMethodAccessorImpl.java:77) ~[na:na]
		at java.base/jdk.internal.reflect.DelegatingMethodAccessorImpl.invoke(DelegatingMethodAccessorImpl.java:43) ~[na:na]
		at java.base/java.lang.reflect.Method.invoke(Method.java:569) ~[na:na]
		at kotlin.reflect.jvm.internal.calls.CallerImpl$Method.callMethod(CallerImpl.kt:97) ~[kotlin-reflect-1.9.25.jar:1.9.25-release-852]
		at kotlin.reflect.jvm.internal.calls.CallerImpl$Method$Instance.call(CallerImpl.kt:113) ~[kotlin-reflect-1.9.25.jar:1.9.25-release-852]
		at kotlin.reflect.jvm.internal.KCallableImpl.callDefaultMethod$kotlin_reflection(KCallableImpl.kt:207) ~[kotlin-reflect-1.9.25.jar:1.9.25-release-852]
		at kotlin.reflect.jvm.internal.KCallableImpl.callBy(KCallableImpl.kt:112) ~[kotlin-reflect-1.9.25.jar:1.9.25-release-852]
		at org.springframework.web.method.support.InvocableHandlerMethod$KotlinDelegate.invokeFunction(InvocableHandlerMethod.java:337) ~[spring-web-6.2.3.jar:6.2.3]
		at org.springframework.web.method.support.InvocableHandlerMethod.doInvoke(InvocableHandlerMethod.java:254) ~[spring-web-6.2.3.jar:6.2.3]
		at org.springframework.web.method.support.InvocableHandlerMethod.invokeForRequest(InvocableHandlerMethod.java:190) ~[spring-web-6.2.3.jar:6.2.3]
		at org.springframework.web.servlet.mvc.method.annotation.ServletInvocableHandlerMethod.invokeAndHandle(ServletInvocableHandlerMethod.java:118) ~[spring-webmvc-6.2.3.jar:6.2.3]
		at org.springframework.web.servlet.mvc.method.annotation.RequestMappingHandlerAdapter.invokeHandlerMethod(RequestMappingHandlerAdapter.java:986) ~[spring-webmvc-6.2.3.jar:6.2.3]
		at org.springframework.web.servlet.mvc.method.annotation.RequestMappingHandlerAdapter.handleInternal(RequestMappingHandlerAdapter.java:891) ~[spring-webmvc-6.2.3.jar:6.2.3]
		at org.springframework.web.servlet.mvc.method.AbstractHandlerMethodAdapter.handle(AbstractHandlerMethodAdapter.java:87) ~[spring-webmvc-6.2.3.jar:6.2.3]
		at org.springframework.web.servlet.DispatcherServlet.doDispatch(DispatcherServlet.java:1088) ~[spring-webmvc-6.2.3.jar:6.2.3]
		at org.springframework.web.servlet.DispatcherServlet.doService(DispatcherServlet.java:978) ~[spring-webmvc-6.2.3.jar:6.2.3]
		at org.springframework.web.servlet.FrameworkServlet.processRequest(FrameworkServlet.java:1014) ~[spring-webmvc-6.2.3.jar:6.2.3]
		at org.springframework.web.servlet.FrameworkServlet.doPost(FrameworkServlet.java:914) ~[spring-webmvc-6.2.3.jar:6.2.3]
		at jakarta.servlet.http.HttpServlet.service(HttpServlet.java:590) ~[tomcat-embed-core-10.1.36.jar:6.0]
		at org.springframework.web.servlet.FrameworkServlet.service(FrameworkServlet.java:885) ~[spring-webmvc-6.2.3.jar:6.2.3]
		at jakarta.servlet.http.HttpServlet.service(HttpServlet.java:658) ~[tomcat-embed-core-10.1.36.jar:6.0]
		at org.apache.catalina.core.ApplicationFilterChain.internalDoFilter(ApplicationFilterChain.java:195) ~[tomcat-embed-core-10.1.36.jar:10.1.36]
		at org.apache.catalina.core.ApplicationFilterChain.doFilter(ApplicationFilterChain.java:140) ~[tomcat-embed-core-10.1.36.jar:10.1.36]
		at org.apache.tomcat.websocket.server.WsFilter.doFilter(WsFilter.java:51) ~[tomcat-embed-websocket-10.1.36.jar:10.1.36]
		at org.apache.catalina.core.ApplicationFilterChain.internalDoFilter(ApplicationFilterChain.java:164) ~[tomcat-embed-core-10.1.36.jar:10.1.36]
		at org.apache.catalina.core.ApplicationFilterChain.doFilter(ApplicationFilterChain.java:140) ~[tomcat-embed-core-10.1.36.jar:10.1.36]
		at org.springframework.web.filter.CompositeFilter$VirtualFilterChain.doFilter(CompositeFilter.java:108) ~[spring-web-6.2.3.jar:6.2.3]
		at org.springframework.security.web.FilterChainProxy.lambda$doFilterInternal$3(FilterChainProxy.java:231) ~[spring-security-web-6.4.3.jar:6.4.3]
		at org.springframework.security.web.FilterChainProxy$VirtualFilterChain.doFilter(FilterChainProxy.java:365) ~[spring-security-web-6.4.3.jar:6.4.3]
		at org.springframework.security.web.access.intercept.AuthorizationFilter.doFilter(AuthorizationFilter.java:101) ~[spring-security-web-6.4.3.jar:6.4.3]
		at org.springframework.security.web.FilterChainProxy$VirtualFilterChain.doFilter(FilterChainProxy.java:374) ~[spring-security-web-6.4.3.jar:6.4.3]
		at org.springframework.security.web.access.ExceptionTranslationFilter.doFilter(ExceptionTranslationFilter.java:126) ~[spring-security-web-6.4.3.jar:6.4.3]
		at org.springframework.security.web.access.ExceptionTranslationFilter.doFilter(ExceptionTranslationFilter.java:120) ~[spring-security-web-6.4.3.jar:6.4.3]
		at org.springframework.security.web.FilterChainProxy$VirtualFilterChain.doFilter(FilterChainProxy.java:374) ~[spring-security-web-6.4.3.jar:6.4.3]
		at org.springframework.security.web.authentication.AnonymousAuthenticationFilter.doFilter(AnonymousAuthenticationFilter.java:100) ~[spring-security-web-6.4.3.jar:6.4.3]
		at org.springframework.security.web.FilterChainProxy$VirtualFilterChain.doFilter(FilterChainProxy.java:374) ~[spring-security-web-6.4.3.jar:6.4.3]
		at org.springframework.security.web.servletapi.SecurityContextHolderAwareRequestFilter.doFilter(SecurityContextHolderAwareRequestFilter.java:179) ~[spring-security-web-6.4.3.jar:6.4.3]
		at org.springframework.security.web.FilterChainProxy$VirtualFilterChain.doFilter(FilterChainProxy.java:374) ~[spring-security-web-6.4.3.jar:6.4.3]
		at org.springframework.security.web.savedrequest.RequestCacheAwareFilter.doFilter(RequestCacheAwareFilter.java:63) ~[spring-security-web-6.4.3.jar:6.4.3]
		at org.springframework.security.web.FilterChainProxy$VirtualFilterChain.doFilter(FilterChainProxy.java:374) ~[spring-security-web-6.4.3.jar:6.4.3]
		at org.springframework.security.web.authentication.logout.LogoutFilter.doFilter(LogoutFilter.java:107) ~[spring-security-web-6.4.3.jar:6.4.3]
		at org.springframework.security.web.authentication.logout.LogoutFilter.doFilter(LogoutFilter.java:93) ~[spring-security-web-6.4.3.jar:6.4.3]
		at org.springframework.security.web.FilterChainProxy$VirtualFilterChain.doFilter(FilterChainProxy.java:374) ~[spring-security-web-6.4.3.jar:6.4.3]
		at org.springframework.security.web.header.HeaderWriterFilter.doHeadersAfter(HeaderWriterFilter.java:90) ~[spring-security-web-6.4.3.jar:6.4.3]
		at org.springframework.security.web.header.HeaderWriterFilter.doFilterInternal(HeaderWriterFilter.java:75) ~[spring-security-web-6.4.3.jar:6.4.3]
		at org.springframework.web.filter.OncePerRequestFilter.doFilter(OncePerRequestFilter.java:116) ~[spring-web-6.2.3.jar:6.2.3]
		at org.springframework.security.web.FilterChainProxy$VirtualFilterChain.doFilter(FilterChainProxy.java:374) ~[spring-security-web-6.4.3.jar:6.4.3]
		at org.springframework.security.web.context.SecurityContextHolderFilter.doFilter(SecurityContextHolderFilter.java:82) ~[spring-security-web-6.4.3.jar:6.4.3]
		at org.springframework.security.web.context.SecurityContextHolderFilter.doFilter(SecurityContextHolderFilter.java:69) ~[spring-security-web-6.4.3.jar:6.4.3]
		at org.springframework.security.web.FilterChainProxy$VirtualFilterChain.doFilter(FilterChainProxy.java:374) ~[spring-security-web-6.4.3.jar:6.4.3]
		at org.springframework.security.web.context.request.async.WebAsyncManagerIntegrationFilter.doFilterInternal(WebAsyncManagerIntegrationFilter.java:62) ~[spring-security-web-6.4.3.jar:6.4.3]
		at org.springframework.web.filter.OncePerRequestFilter.doFilter(OncePerRequestFilter.java:116) ~[spring-web-6.2.3.jar:6.2.3]
		at org.springframework.security.web.FilterChainProxy$VirtualFilterChain.doFilter(FilterChainProxy.java:374) ~[spring-security-web-6.4.3.jar:6.4.3]
		at org.springframework.security.web.session.DisableEncodeUrlFilter.doFilterInternal(DisableEncodeUrlFilter.java:42) ~[spring-security-web-6.4.3.jar:6.4.3]
		at org.springframework.web.filter.OncePerRequestFilter.doFilter(OncePerRequestFilter.java:116) ~[spring-web-6.2.3.jar:6.2.3]
		at org.springframework.security.web.FilterChainProxy$VirtualFilterChain.doFilter(FilterChainProxy.java:374) ~[spring-security-web-6.4.3.jar:6.4.3]
		at org.springframework.security.web.FilterChainProxy.doFilterInternal(FilterChainProxy.java:233) ~[spring-security-web-6.4.3.jar:6.4.3]
		at org.springframework.security.web.FilterChainProxy.doFilter(FilterChainProxy.java:191) ~[spring-security-web-6.4.3.jar:6.4.3]
		at org.springframework.web.filter.CompositeFilter$VirtualFilterChain.doFilter(CompositeFilter.java:113) ~[spring-web-6.2.3.jar:6.2.3]
		at org.springframework.web.servlet.handler.HandlerMappingIntrospector.lambda$createCacheFilter$3(HandlerMappingIntrospector.java:243) ~[spring-webmvc-6.2.3.jar:6.2.3]
		at org.springframework.web.filter.CompositeFilter$VirtualFilterChain.doFilter(CompositeFilter.java:113) ~[spring-web-6.2.3.jar:6.2.3]
		at org.springframework.web.filter.CompositeFilter.doFilter(CompositeFilter.java:74) ~[spring-web-6.2.3.jar:6.2.3]
		at org.springframework.security.config.annotation.web.configuration.WebMvcSecurityConfiguration$CompositeFilterChainProxy.doFilter(WebMvcSecurityConfiguration.java:238) ~[spring-security-config-6.4.3.jar:6.4.3]
		at org.springframework.web.filter.DelegatingFilterProxy.invokeDelegate(DelegatingFilterProxy.java:362) ~[spring-web-6.2.3.jar:6.2.3]
		at org.springframework.web.filter.DelegatingFilterProxy.doFilter(DelegatingFilterProxy.java:278) ~[spring-web-6.2.3.jar:6.2.3]
		at org.apache.catalina.core.ApplicationFilterChain.internalDoFilter(ApplicationFilterChain.java:164) ~[tomcat-embed-core-10.1.36.jar:10.1.36]
		at org.apache.catalina.core.ApplicationFilterChain.doFilter(ApplicationFilterChain.java:140) ~[tomcat-embed-core-10.1.36.jar:10.1.36]
		at org.springframework.web.filter.RequestContextFilter.doFilterInternal(RequestContextFilter.java:100) ~[spring-web-6.2.3.jar:6.2.3]
		at org.springframework.web.filter.OncePerRequestFilter.doFilter(OncePerRequestFilter.java:116) ~[spring-web-6.2.3.jar:6.2.3]
		at org.apache.catalina.core.ApplicationFilterChain.internalDoFilter(ApplicationFilterChain.java:164) ~[tomcat-embed-core-10.1.36.jar:10.1.36]
		at org.apache.catalina.core.ApplicationFilterChain.doFilter(ApplicationFilterChain.java:140) ~[tomcat-embed-core-10.1.36.jar:10.1.36]
		at org.springframework.web.filter.FormContentFilter.doFilterInternal(FormContentFilter.java:93) ~[spring-web-6.2.3.jar:6.2.3]
		at org.springframework.web.filter.OncePerRequestFilter.doFilter(OncePerRequestFilter.java:116) ~[spring-web-6.2.3.jar:6.2.3]
		at org.apache.catalina.core.ApplicationFilterChain.internalDoFilter(ApplicationFilterChain.java:164) ~[tomcat-embed-core-10.1.36.jar:10.1.36]
		at org.apache.catalina.core.ApplicationFilterChain.doFilter(ApplicationFilterChain.java:140) ~[tomcat-embed-core-10.1.36.jar:10.1.36]
		at org.springframework.web.filter.CharacterEncodingFilter.doFilterInternal(CharacterEncodingFilter.java:201) ~[spring-web-6.2.3.jar:6.2.3]
		at org.springframework.web.filter.OncePerRequestFilter.doFilter(OncePerRequestFilter.java:116) ~[spring-web-6.2.3.jar:6.2.3]
		at org.apache.catalina.core.ApplicationFilterChain.internalDoFilter(ApplicationFilterChain.java:164) ~[tomcat-embed-core-10.1.36.jar:10.1.36]
		at org.apache.catalina.core.ApplicationFilterChain.doFilter(ApplicationFilterChain.java:140) ~[tomcat-embed-core-10.1.36.jar:10.1.36]
		at org.apache.catalina.core.StandardWrapperValve.invoke(StandardWrapperValve.java:167) ~[tomcat-embed-core-10.1.36.jar:10.1.36]
		at org.apache.catalina.core.StandardContextValve.invoke(StandardContextValve.java:90) ~[tomcat-embed-core-10.1.36.jar:10.1.36]
		at org.apache.catalina.authenticator.AuthenticatorBase.invoke(AuthenticatorBase.java:483) ~[tomcat-embed-core-10.1.36.jar:10.1.36]
		at org.apache.catalina.core.StandardHostValve.invoke(StandardHostValve.java:115) ~[tomcat-embed-core-10.1.36.jar:10.1.36]
		at org.apache.catalina.valves.ErrorReportValve.invoke(ErrorReportValve.java:93) ~[tomcat-embed-core-10.1.36.jar:10.1.36]
		at org.apache.catalina.core.StandardEngineValve.invoke(StandardEngineValve.java:74) ~[tomcat-embed-core-10.1.36.jar:10.1.36]
		at org.apache.catalina.connector.CoyoteAdapter.service(CoyoteAdapter.java:344) ~[tomcat-embed-core-10.1.36.jar:10.1.36]
		at org.apache.coyote.http11.Http11Processor.service(Http11Processor.java:397) ~[tomcat-embed-core-10.1.36.jar:10.1.36]
		at org.apache.coyote.AbstractProcessorLight.process(AbstractProcessorLight.java:63) ~[tomcat-embed-core-10.1.36.jar:10.1.36]
		at org.apache.coyote.AbstractProtocol$ConnectionHandler.process(AbstractProtocol.java:905) ~[tomcat-embed-core-10.1.36.jar:10.1.36]
		at org.apache.tomcat.util.net.NioEndpoint$SocketProcessor.doRun(NioEndpoint.java:1743) ~[tomcat-embed-core-10.1.36.jar:10.1.36]
		at org.apache.tomcat.util.net.SocketProcessorBase.run(SocketProcessorBase.java:52) ~[tomcat-embed-core-10.1.36.jar:10.1.36]
		at org.apache.tomcat.util.threads.ThreadPoolExecutor.runWorker(ThreadPoolExecutor.java:1190) ~[tomcat-embed-core-10.1.36.jar:10.1.36]
		at org.apache.tomcat.util.threads.ThreadPoolExecutor$Worker.run(ThreadPoolExecutor.java:659) ~[tomcat-embed-core-10.1.36.jar:10.1.36]
		at org.apache.tomcat.util.threads.TaskThread$WrappingRunnable.run(TaskThread.java:63) ~[tomcat-embed-core-10.1.36.jar:10.1.36]
		at java.base/java.lang.Thread.run(Thread.java:840) ~[na:na]

2025-04-19T10:30:49.666+03:00  INFO 36444 --- [family] [SpringApplicationShutdownHook] o.s.b.w.e.tomcat.GracefulShutdown        : Commencing graceful shutdown. Waiting for active requests to complete
2025-04-19T10:30:49.691+03:00  INFO 36444 --- [family] [tomcat-shutdown] o.s.b.w.e.tomcat.GracefulShutdown        : Graceful shutdown complete
2025-04-19T10:30:49.708+03:00  INFO 36444 --- [family] [SpringApplicationShutdownHook] j.LocalContainerEntityManagerFactoryBean : Closing JPA EntityManagerFactory for persistence unit 'default'
2025-04-19T10:30:49.729+03:00  INFO 36444 --- [family] [SpringApplicationShutdownHook] com.zaxxer.hikari.HikariDataSource       : HikariPool-1 - Shutdown initiated...
2025-04-19T10:30:49.737+03:00  INFO 36444 --- [family] [SpringApplicationShutdownHook] com.zaxxer.hikari.HikariDataSource       : HikariPool-1 - Shutdown completed.
2025-04-19T10:30:52.749+03:00  INFO 37053 --- [family] [main] rut.uvp.family.FamilyApplicationKt       : Starting FamilyApplicationKt using Java 17.0.14 with PID 37053 (/Users/glebporosin/IdeaProjects/AI-tutor/build/classes/kotlin/main started by glebporosin in /Users/glebporosin/IdeaProjects/AI-tutor)
2025-04-19T10:30:52.750+03:00  INFO 37053 --- [family] [main] rut.uvp.family.FamilyApplicationKt       : No active profile set, falling back to 1 default profile: "default"
2025-04-19T10:30:53.082+03:00  INFO 37053 --- [family] [main] .s.d.r.c.RepositoryConfigurationDelegate : Bootstrapping Spring Data JPA repositories in DEFAULT mode.
2025-04-19T10:30:53.140+03:00  INFO 37053 --- [family] [main] .s.d.r.c.RepositoryConfigurationDelegate : Finished Spring Data repository scanning in 54 ms. Found 4 JPA repository interfaces.
2025-04-19T10:30:53.338+03:00  INFO 37053 --- [family] [main] o.s.b.w.embedded.tomcat.TomcatWebServer  : Tomcat initialized with port 8080 (http)
2025-04-19T10:30:53.344+03:00  INFO 37053 --- [family] [main] o.apache.catalina.core.StandardService   : Starting service [Tomcat]
2025-04-19T10:30:53.344+03:00  INFO 37053 --- [family] [main] o.apache.catalina.core.StandardEngine    : Starting Servlet engine: [Apache Tomcat/10.1.36]
2025-04-19T10:30:53.361+03:00  INFO 37053 --- [family] [main] o.a.c.c.C.[Tomcat].[localhost].[/]       : Initializing Spring embedded WebApplicationContext
2025-04-19T10:30:53.362+03:00  INFO 37053 --- [family] [main] w.s.c.ServletWebServerApplicationContext : Root WebApplicationContext: initialization completed in 595 ms
2025-04-19T10:30:53.435+03:00  INFO 37053 --- [family] [main] com.zaxxer.hikari.HikariDataSource       : HikariPool-1 - Starting...
2025-04-19T10:30:53.498+03:00  INFO 37053 --- [family] [main] com.zaxxer.hikari.pool.HikariPool        : HikariPool-1 - Added connection conn0: url=jdbc:h2:mem:testdb user=SA
2025-04-19T10:30:53.499+03:00  INFO 37053 --- [family] [main] com.zaxxer.hikari.HikariDataSource       : HikariPool-1 - Start completed.
2025-04-19T10:30:53.513+03:00  INFO 37053 --- [family] [main] org.flywaydb.core.FlywayExecutor         : Database: jdbc:h2:mem:testdb (H2 2.3)
2025-04-19T10:30:53.514+03:00  WARN 37053 --- [family] [main] o.f.c.internal.database.base.Database    : Flyway upgrade recommended: H2 2.3.232 is newer than this version of Flyway and support has not been tested. The latest supported version of H2 is 2.2.224.
2025-04-19T10:30:53.521+03:00  INFO 37053 --- [family] [main] o.f.c.i.s.JdbcTableSchemaHistory         : Schema history table "PUBLIC"."flyway_schema_history" does not exist yet
2025-04-19T10:30:53.522+03:00  INFO 37053 --- [family] [main] o.f.core.internal.command.DbValidate     : Successfully validated 1 migration (execution time 00:00.004s)
2025-04-19T10:30:53.524+03:00  INFO 37053 --- [family] [main] o.f.c.i.s.JdbcTableSchemaHistory         : Creating Schema History table "PUBLIC"."flyway_schema_history" ...
2025-04-19T10:30:53.534+03:00  INFO 37053 --- [family] [main] o.f.core.internal.command.DbMigrate      : Current version of schema "PUBLIC": << Empty Schema >>
2025-04-19T10:30:53.536+03:00  INFO 37053 --- [family] [main] o.f.core.internal.command.DbMigrate      : Migrating schema "PUBLIC" to version "1 - init"
2025-04-19T10:30:53.544+03:00  INFO 37053 --- [family] [main] o.f.core.internal.command.DbMigrate      : Successfully applied 1 migration to schema "PUBLIC", now at version v1 (execution time 00:00.003s)
2025-04-19T10:30:53.582+03:00  INFO 37053 --- [family] [main] o.hibernate.jpa.internal.util.LogHelper  : HHH000204: Processing PersistenceUnitInfo [name: default]
2025-04-19T10:30:53.605+03:00  INFO 37053 --- [family] [main] org.hibernate.Version                    : HHH000412: Hibernate ORM core version 6.6.8.Final
2025-04-19T10:30:53.617+03:00  INFO 37053 --- [family] [main] o.h.c.internal.RegionFactoryInitiator    : HHH000026: Second-level cache disabled
2025-04-19T10:30:53.720+03:00  INFO 37053 --- [family] [main] o.s.o.j.p.SpringPersistenceUnitInfo      : No LoadTimeWeaver setup: ignoring JPA class transformer
2025-04-19T10:30:53.747+03:00  INFO 37053 --- [family] [main] org.hibernate.orm.connections.pooling    : HHH10001005: Database info:
	Database JDBC URL [Connecting through datasource 'HikariDataSource (HikariPool-1)']
	Database driver: undefined/unknown
	Database version: 2.3.232
	Autocommit mode: undefined/unknown
	Isolation level: undefined/unknown
	Minimum pool size: undefined/unknown
	Maximum pool size: undefined/unknown
2025-04-19T10:30:53.954+03:00  INFO 37053 --- [family] [main] o.h.m.i.EntityInstantiatorPojoStandard   : HHH000182: No default (no-argument) constructor for class: rut.uvp.family.model.CalendarEvent (class must be instantiated by Interceptor)
2025-04-19T10:30:53.954+03:00  INFO 37053 --- [family] [main] o.h.m.i.EntityInstantiatorPojoStandard   : HHH000182: No default (no-argument) constructor for class: rut.uvp.family.model.User (class must be instantiated by Interceptor)
2025-04-19T10:30:53.998+03:00  INFO 37053 --- [family] [main] o.h.e.t.j.p.i.JtaPlatformInitiator       : HHH000489: No JTA platform available (set 'hibernate.transaction.jta.platform' to enable JTA platform integration)
2025-04-19T10:30:54.005+03:00  INFO 37053 --- [family] [main] j.LocalContainerEntityManagerFactoryBean : Initialized JPA EntityManagerFactory for persistence unit 'default'
2025-04-19T10:30:54.598+03:00  WARN 37053 --- [family] [main] JpaBaseConfiguration$JpaWebConfiguration : spring.jpa.open-in-view is enabled by default. Therefore, database queries may be performed during view rendering. Explicitly configure spring.jpa.open-in-view to disable this warning
2025-04-19T10:30:54.613+03:00  WARN 37053 --- [family] [main] .s.s.UserDetailsServiceAutoConfiguration : 

Using generated security password: 5c1270e6-b863-4ae0-a94b-0dfdcfd0a8f8

This generated password is for development use only. Your security configuration must be updated before running your application in production.

2025-04-19T10:30:54.616+03:00  INFO 37053 --- [family] [main] r$InitializeUserDetailsManagerConfigurer : Global AuthenticationManager configured with UserDetailsService bean with name inMemoryUserDetailsManager
2025-04-19T10:30:54.786+03:00  INFO 37053 --- [family] [main] o.s.b.w.embedded.tomcat.TomcatWebServer  : Tomcat started on port 8080 (http) with context path '/'
2025-04-19T10:30:54.791+03:00  INFO 37053 --- [family] [main] rut.uvp.family.FamilyApplicationKt       : Started FamilyApplicationKt in 2.226 seconds (process running for 2.505)
2025-04-19T10:31:03.342+03:00  INFO 37053 --- [family] [http-nio-8080-exec-1] o.a.c.c.C.[Tomcat].[localhost].[/]       : Initializing Spring DispatcherServlet 'dispatcherServlet'
2025-04-19T10:31:03.342+03:00  INFO 37053 --- [family] [http-nio-8080-exec-1] o.s.web.servlet.DispatcherServlet        : Initializing Servlet 'dispatcherServlet'
2025-04-19T10:31:03.345+03:00  INFO 37053 --- [family] [http-nio-8080-exec-1] o.s.web.servlet.DispatcherServlet        : Completed initialization in 3 ms
2025-04-19T10:31:56.545+03:00  INFO 37053 --- [family] [http-nio-8080-exec-2] rut.uvp.family.service.KudaGoService     : KudaGo request URL: https://kudago.com/public-api/v1.4/events/?fields=id,title,dates,place,description,images&expand=images,place,dates&lang=ru&page=1&page_size=10&city=%D0%9C%D0%BE%D1%81%D0%BA%D0%B2%D0%B0&actual_since=2025-04-19
2025-04-19T10:32:01.502+03:00 ERROR 37053 --- [family] [http-nio-8080-exec-2] rut.uvp.family.service.KudaGoService     : KudaGo request falling back to unknown exception

org.springframework.web.reactive.function.client.WebClientResponseException: 200 OK from GET https://kudago.com/public-api/v1.4/events/, but response failed with cause: org.springframework.core.io.buffer.DataBufferLimitException: Exceeded limit on max bytes to buffer : 262144
	at org.springframework.web.reactive.function.client.WebClientResponseException.create(WebClientResponseException.java:337) ~[spring-webflux-6.2.3.jar:6.2.3]
	at org.springframework.web.reactive.function.client.DefaultClientResponse.lambda$createException$1(DefaultClientResponse.java:214) ~[spring-webflux-6.2.3.jar:6.2.3]
	at reactor.core.publisher.FluxMap$MapSubscriber.onNext(FluxMap.java:106) ~[reactor-core-3.7.3.jar:3.7.3]
	at reactor.core.publisher.FluxOnErrorReturn$ReturnSubscriber.onError(FluxOnErrorReturn.java:199) ~[reactor-core-3.7.3.jar:3.7.3]
	at reactor.core.publisher.FluxDefaultIfEmpty$DefaultIfEmptySubscriber.onError(FluxDefaultIfEmpty.java:156) ~[reactor-core-3.7.3.jar:3.7.3]
	at reactor.core.publisher.FluxOnAssembly$OnAssemblySubscriber.onError(FluxOnAssembly.java:544) ~[reactor-core-3.7.3.jar:3.7.3]
	at reactor.core.publisher.FluxMapFuseable$MapFuseableSubscriber.onError(FluxMapFuseable.java:142) ~[reactor-core-3.7.3.jar:3.7.3]
	at reactor.core.publisher.FluxContextWrite$ContextWriteSubscriber.onError(FluxContextWrite.java:121) ~[reactor-core-3.7.3.jar:3.7.3]
	at reactor.core.publisher.FluxMapFuseable$MapFuseableConditionalSubscriber.onError(FluxMapFuseable.java:340) ~[reactor-core-3.7.3.jar:3.7.3]
	at reactor.core.publisher.FluxFilterFuseable$FilterFuseableConditionalSubscriber.onError(FluxFilterFuseable.java:382) ~[reactor-core-3.7.3.jar:3.7.3]
	at reactor.core.publisher.MonoCollect$CollectSubscriber.onError(MonoCollect.java:135) ~[reactor-core-3.7.3.jar:3.7.3]
	at org.springframework.http.client.reactive.AbstractClientHttpResponse$SingleSubscriberPublisher.subscribe(AbstractClientHttpResponse.java:116) ~[spring-web-6.2.3.jar:6.2.3]
	at reactor.core.publisher.FluxSource.subscribe(FluxSource.java:71) ~[reactor-core-3.7.3.jar:3.7.3]
	at reactor.core.publisher.Mono.subscribe(Mono.java:4576) ~[reactor-core-3.7.3.jar:3.7.3]
	at reactor.core.publisher.FluxOnErrorResume$ResumeSubscriber.onError(FluxOnErrorResume.java:103) ~[reactor-core-3.7.3.jar:3.7.3]
	at reactor.core.publisher.FluxOnAssembly$OnAssemblySubscriber.onError(FluxOnAssembly.java:544) ~[reactor-core-3.7.3.jar:3.7.3]
	at reactor.core.publisher.MonoFlatMap$FlatMapMain.onError(MonoFlatMap.java:180) ~[reactor-core-3.7.3.jar:3.7.3]
	at reactor.core.publisher.FluxContextWrite$ContextWriteSubscriber.onError(FluxContextWrite.java:121) ~[reactor-core-3.7.3.jar:3.7.3]
	at reactor.core.publisher.FluxMapFuseable$MapFuseableConditionalSubscriber.onError(FluxMapFuseable.java:340) ~[reactor-core-3.7.3.jar:3.7.3]
	at reactor.core.publisher.FluxFilterFuseable$FilterFuseableConditionalSubscriber.onError(FluxFilterFuseable.java:382) ~[reactor-core-3.7.3.jar:3.7.3]
	at reactor.core.publisher.MonoCollect$CollectSubscriber.onError(MonoCollect.java:135) ~[reactor-core-3.7.3.jar:3.7.3]
	at reactor.core.publisher.MonoCollect$CollectSubscriber.onNext(MonoCollect.java:112) ~[reactor-core-3.7.3.jar:3.7.3]
	at reactor.core.publisher.FluxPublish$PublishSubscriber.drain(FluxPublish.java:571) ~[reactor-core-3.7.3.jar:3.7.3]
	at reactor.core.publisher.FluxPublish$PublishSubscriber.onNext(FluxPublish.java:310) ~[reactor-core-3.7.3.jar:3.7.3]
	at reactor.core.publisher.FluxContextWrite$ContextWriteSubscriber.onNext(FluxContextWrite.java:107) ~[reactor-core-3.7.3.jar:3.7.3]
	at reactor.core.publisher.FluxMapFuseable$MapFuseableConditionalSubscriber.onNext(FluxMapFuseable.java:299) ~[reactor-core-3.7.3.jar:3.7.3]
	at reactor.core.publisher.FluxFlattenIterable$FlattenIterableSubscriber.drainAsync(FluxFlattenIterable.java:453) ~[reactor-core-3.7.3.jar:3.7.3]
	at reactor.core.publisher.FluxFlattenIterable$FlattenIterableSubscriber.drain(FluxFlattenIterable.java:724) ~[reactor-core-3.7.3.jar:3.7.3]
	at reactor.core.publisher.FluxFlattenIterable$FlattenIterableSubscriber.onNext(FluxFlattenIterable.java:256) ~[reactor-core-3.7.3.jar:3.7.3]
	at reactor.adapter.JdkFlowAdapter$SubscriberToRS.onNext(JdkFlowAdapter.java:150) ~[reactor-core-3.7.3.jar:3.7.3]
	at java.net.http/jdk.internal.net.http.ResponseSubscribers$PublishingBodySubscriber.onNext(ResponseSubscribers.java:1006) ~[java.net.http:na]
	at java.net.http/jdk.internal.net.http.ResponseSubscribers$PublishingBodySubscriber.onNext(ResponseSubscribers.java:846) ~[java.net.http:na]
	at java.net.http/jdk.internal.net.http.Stream.schedule(Stream.java:219) ~[java.net.http:na]
	at java.net.http/jdk.internal.net.http.common.SequentialScheduler$LockingRestartableTask.run(SequentialScheduler.java:205) ~[java.net.http:na]
	at java.net.http/jdk.internal.net.http.common.SequentialScheduler$CompleteRestartableTask.run(SequentialScheduler.java:149) ~[java.net.http:na]
	at java.net.http/jdk.internal.net.http.common.SequentialScheduler$SchedulableTask.run(SequentialScheduler.java:230) ~[java.net.http:na]
	at java.net.http/jdk.internal.net.http.common.SequentialScheduler.runOrSchedule(SequentialScheduler.java:303) ~[java.net.http:na]
	at java.net.http/jdk.internal.net.http.common.SequentialScheduler.runOrSchedule(SequentialScheduler.java:256) ~[java.net.http:na]
	at java.net.http/jdk.internal.net.http.Stream.receiveDataFrame(Stream.java:346) ~[java.net.http:na]
	at java.net.http/jdk.internal.net.http.Stream.incoming(Stream.java:452) ~[java.net.http:na]
	at java.net.http/jdk.internal.net.http.Http2Connection.processFrame(Http2Connection.java:950) ~[java.net.http:na]
	at java.net.http/jdk.internal.net.http.frame.FramesDecoder.decode(FramesDecoder.java:155) ~[java.net.http:na]
	at java.net.http/jdk.internal.net.http.Http2Connection$FramesController.processReceivedData(Http2Connection.java:237) ~[java.net.http:na]
	at java.net.http/jdk.internal.net.http.Http2Connection.asyncReceive(Http2Connection.java:757) ~[java.net.http:na]
	at java.net.http/jdk.internal.net.http.Http2Connection$Http2TubeSubscriber.processQueue(Http2Connection.java:1531) ~[java.net.http:na]
	at java.net.http/jdk.internal.net.http.common.SequentialScheduler$LockingRestartableTask.run(SequentialScheduler.java:205) ~[java.net.http:na]
	at java.net.http/jdk.internal.net.http.common.SequentialScheduler$CompleteRestartableTask.run(SequentialScheduler.java:149) ~[java.net.http:na]
	at java.net.http/jdk.internal.net.http.common.SequentialScheduler$SchedulableTask.run(SequentialScheduler.java:230) ~[java.net.http:na]
	at java.net.http/jdk.internal.net.http.common.SequentialScheduler.runOrSchedule(SequentialScheduler.java:303) ~[java.net.http:na]
	at java.net.http/jdk.internal.net.http.common.SequentialScheduler.runOrSchedule(SequentialScheduler.java:256) ~[java.net.http:na]
	at java.net.http/jdk.internal.net.http.Http2Connection$Http2TubeSubscriber.runOrSchedule(Http2Connection.java:1548) ~[java.net.http:na]
	at java.net.http/jdk.internal.net.http.Http2Connection$Http2TubeSubscriber.onNext(Http2Connection.java:1575) ~[java.net.http:na]
	at java.net.http/jdk.internal.net.http.Http2Connection$Http2TubeSubscriber.onNext(Http2Connection.java:1509) ~[java.net.http:na]
	at java.net.http/jdk.internal.net.http.common.SSLTube$DelegateWrapper.onNext(SSLTube.java:210) ~[java.net.http:na]
	at java.net.http/jdk.internal.net.http.common.SSLTube$SSLSubscriberWrapper.onNext(SSLTube.java:492) ~[java.net.http:na]
	at java.net.http/jdk.internal.net.http.common.SSLTube$SSLSubscriberWrapper.onNext(SSLTube.java:295) ~[java.net.http:na]
	at java.net.http/jdk.internal.net.http.common.SubscriberWrapper$DownstreamPusher.run1(SubscriberWrapper.java:316) ~[java.net.http:na]
	at java.net.http/jdk.internal.net.http.common.SubscriberWrapper$DownstreamPusher.run(SubscriberWrapper.java:259) ~[java.net.http:na]
	at java.net.http/jdk.internal.net.http.common.SequentialScheduler$LockingRestartableTask.run(SequentialScheduler.java:205) ~[java.net.http:na]
	at java.net.http/jdk.internal.net.http.common.SequentialScheduler$CompleteRestartableTask.run(SequentialScheduler.java:149) ~[java.net.http:na]
	at java.net.http/jdk.internal.net.http.common.SequentialScheduler$SchedulableTask.run(SequentialScheduler.java:230) ~[java.net.http:na]
	at java.net.http/jdk.internal.net.http.common.SequentialScheduler.runOrSchedule(SequentialScheduler.java:303) ~[java.net.http:na]
	at java.net.http/jdk.internal.net.http.common.SequentialScheduler.runOrSchedule(SequentialScheduler.java:256) ~[java.net.http:na]
	at java.net.http/jdk.internal.net.http.common.SubscriberWrapper.outgoing(SubscriberWrapper.java:232) ~[java.net.http:na]
	at java.net.http/jdk.internal.net.http.common.SubscriberWrapper.outgoing(SubscriberWrapper.java:198) ~[java.net.http:na]
	at java.net.http/jdk.internal.net.http.common.SSLFlowDelegate$Reader.processData(SSLFlowDelegate.java:458) ~[java.net.http:na]
	at java.net.http/jdk.internal.net.http.common.SSLFlowDelegate$Reader$ReaderDownstreamPusher.run(SSLFlowDelegate.java:282) ~[java.net.http:na]
	at java.net.http/jdk.internal.net.http.common.SequentialScheduler$LockingRestartableTask.run(SequentialScheduler.java:205) ~[java.net.http:na]
	at java.net.http/jdk.internal.net.http.common.SequentialScheduler$CompleteRestartableTask.run(SequentialScheduler.java:149) ~[java.net.http:na]
	at java.net.http/jdk.internal.net.http.common.SequentialScheduler$SchedulableTask.run(SequentialScheduler.java:230) ~[java.net.http:na]
	at java.base/java.util.concurrent.ThreadPoolExecutor.runWorker(ThreadPoolExecutor.java:1136) ~[na:na]
	at java.base/java.util.concurrent.ThreadPoolExecutor$Worker.run(ThreadPoolExecutor.java:635) ~[na:na]
	at java.base/java.lang.Thread.run(Thread.java:840) ~[na:na]
	Suppressed: java.lang.Exception: #block terminated with an error
		at reactor.core.publisher.BlockingSingleSubscriber.blockingGet(BlockingSingleSubscriber.java:104) ~[reactor-core-3.7.3.jar:3.7.3]
		at reactor.core.publisher.Mono.block(Mono.java:1779) ~[reactor-core-3.7.3.jar:3.7.3]
		at rut.uvp.family.service.KudaGoService.searchEvents(KudaGoService.kt:46) ~[main/:na]
		at rut.uvp.family.controller.ChatController.sendMessage(ChatController.kt:30) ~[main/:na]
		at java.base/jdk.internal.reflect.NativeMethodAccessorImpl.invoke0(Native Method) ~[na:na]
		at java.base/jdk.internal.reflect.NativeMethodAccessorImpl.invoke(NativeMethodAccessorImpl.java:77) ~[na:na]
		at java.base/jdk.internal.reflect.DelegatingMethodAccessorImpl.invoke(DelegatingMethodAccessorImpl.java:43) ~[na:na]
		at java.base/java.lang.reflect.Method.invoke(Method.java:569) ~[na:na]
		at kotlin.reflect.jvm.internal.calls.CallerImpl$Method.callMethod(CallerImpl.kt:97) ~[kotlin-reflect-1.9.25.jar:1.9.25-release-852]
		at kotlin.reflect.jvm.internal.calls.CallerImpl$Method$Instance.call(CallerImpl.kt:113) ~[kotlin-reflect-1.9.25.jar:1.9.25-release-852]
		at kotlin.reflect.jvm.internal.KCallableImpl.callDefaultMethod$kotlin_reflection(KCallableImpl.kt:207) ~[kotlin-reflect-1.9.25.jar:1.9.25-release-852]
		at kotlin.reflect.jvm.internal.KCallableImpl.callBy(KCallableImpl.kt:112) ~[kotlin-reflect-1.9.25.jar:1.9.25-release-852]
		at org.springframework.web.method.support.InvocableHandlerMethod$KotlinDelegate.invokeFunction(InvocableHandlerMethod.java:337) ~[spring-web-6.2.3.jar:6.2.3]
		at org.springframework.web.method.support.InvocableHandlerMethod.doInvoke(InvocableHandlerMethod.java:254) ~[spring-web-6.2.3.jar:6.2.3]
		at org.springframework.web.method.support.InvocableHandlerMethod.invokeForRequest(InvocableHandlerMethod.java:190) ~[spring-web-6.2.3.jar:6.2.3]
		at org.springframework.web.servlet.mvc.method.annotation.ServletInvocableHandlerMethod.invokeAndHandle(ServletInvocableHandlerMethod.java:118) ~[spring-webmvc-6.2.3.jar:6.2.3]
		at org.springframework.web.servlet.mvc.method.annotation.RequestMappingHandlerAdapter.invokeHandlerMethod(RequestMappingHandlerAdapter.java:986) ~[spring-webmvc-6.2.3.jar:6.2.3]
		at org.springframework.web.servlet.mvc.method.annotation.RequestMappingHandlerAdapter.handleInternal(RequestMappingHandlerAdapter.java:891) ~[spring-webmvc-6.2.3.jar:6.2.3]
		at org.springframework.web.servlet.mvc.method.AbstractHandlerMethodAdapter.handle(AbstractHandlerMethodAdapter.java:87) ~[spring-webmvc-6.2.3.jar:6.2.3]
		at org.springframework.web.servlet.DispatcherServlet.doDispatch(DispatcherServlet.java:1088) ~[spring-webmvc-6.2.3.jar:6.2.3]
		at org.springframework.web.servlet.DispatcherServlet.doService(DispatcherServlet.java:978) ~[spring-webmvc-6.2.3.jar:6.2.3]
		at org.springframework.web.servlet.FrameworkServlet.processRequest(FrameworkServlet.java:1014) ~[spring-webmvc-6.2.3.jar:6.2.3]
		at org.springframework.web.servlet.FrameworkServlet.doPost(FrameworkServlet.java:914) ~[spring-webmvc-6.2.3.jar:6.2.3]
		at jakarta.servlet.http.HttpServlet.service(HttpServlet.java:590) ~[tomcat-embed-core-10.1.36.jar:6.0]
		at org.springframework.web.servlet.FrameworkServlet.service(FrameworkServlet.java:885) ~[spring-webmvc-6.2.3.jar:6.2.3]
		at jakarta.servlet.http.HttpServlet.service(HttpServlet.java:658) ~[tomcat-embed-core-10.1.36.jar:6.0]
		at org.apache.catalina.core.ApplicationFilterChain.internalDoFilter(ApplicationFilterChain.java:195) ~[tomcat-embed-core-10.1.36.jar:10.1.36]
		at org.apache.catalina.core.ApplicationFilterChain.doFilter(ApplicationFilterChain.java:140) ~[tomcat-embed-core-10.1.36.jar:10.1.36]
		at org.apache.tomcat.websocket.server.WsFilter.doFilter(WsFilter.java:51) ~[tomcat-embed-websocket-10.1.36.jar:10.1.36]
		at org.apache.catalina.core.ApplicationFilterChain.internalDoFilter(ApplicationFilterChain.java:164) ~[tomcat-embed-core-10.1.36.jar:10.1.36]
		at org.apache.catalina.core.ApplicationFilterChain.doFilter(ApplicationFilterChain.java:140) ~[tomcat-embed-core-10.1.36.jar:10.1.36]
		at org.springframework.web.filter.CompositeFilter$VirtualFilterChain.doFilter(CompositeFilter.java:108) ~[spring-web-6.2.3.jar:6.2.3]
		at org.springframework.security.web.FilterChainProxy.lambda$doFilterInternal$3(FilterChainProxy.java:231) ~[spring-security-web-6.4.3.jar:6.4.3]
		at org.springframework.security.web.FilterChainProxy$VirtualFilterChain.doFilter(FilterChainProxy.java:365) ~[spring-security-web-6.4.3.jar:6.4.3]
		at org.springframework.security.web.access.intercept.AuthorizationFilter.doFilter(AuthorizationFilter.java:101) ~[spring-security-web-6.4.3.jar:6.4.3]
		at org.springframework.security.web.FilterChainProxy$VirtualFilterChain.doFilter(FilterChainProxy.java:374) ~[spring-security-web-6.4.3.jar:6.4.3]
		at org.springframework.security.web.access.ExceptionTranslationFilter.doFilter(ExceptionTranslationFilter.java:126) ~[spring-security-web-6.4.3.jar:6.4.3]
		at org.springframework.security.web.access.ExceptionTranslationFilter.doFilter(ExceptionTranslationFilter.java:120) ~[spring-security-web-6.4.3.jar:6.4.3]
		at org.springframework.security.web.FilterChainProxy$VirtualFilterChain.doFilter(FilterChainProxy.java:374) ~[spring-security-web-6.4.3.jar:6.4.3]
		at org.springframework.security.web.authentication.AnonymousAuthenticationFilter.doFilter(AnonymousAuthenticationFilter.java:100) ~[spring-security-web-6.4.3.jar:6.4.3]
		at org.springframework.security.web.FilterChainProxy$VirtualFilterChain.doFilter(FilterChainProxy.java:374) ~[spring-security-web-6.4.3.jar:6.4.3]
		at org.springframework.security.web.servletapi.SecurityContextHolderAwareRequestFilter.doFilter(SecurityContextHolderAwareRequestFilter.java:179) ~[spring-security-web-6.4.3.jar:6.4.3]
		at org.springframework.security.web.FilterChainProxy$VirtualFilterChain.doFilter(FilterChainProxy.java:374) ~[spring-security-web-6.4.3.jar:6.4.3]
		at org.springframework.security.web.savedrequest.RequestCacheAwareFilter.doFilter(RequestCacheAwareFilter.java:63) ~[spring-security-web-6.4.3.jar:6.4.3]
		at org.springframework.security.web.FilterChainProxy$VirtualFilterChain.doFilter(FilterChainProxy.java:374) ~[spring-security-web-6.4.3.jar:6.4.3]
		at org.springframework.security.web.authentication.logout.LogoutFilter.doFilter(LogoutFilter.java:107) ~[spring-security-web-6.4.3.jar:6.4.3]
		at org.springframework.security.web.authentication.logout.LogoutFilter.doFilter(LogoutFilter.java:93) ~[spring-security-web-6.4.3.jar:6.4.3]
		at org.springframework.security.web.FilterChainProxy$VirtualFilterChain.doFilter(FilterChainProxy.java:374) ~[spring-security-web-6.4.3.jar:6.4.3]
		at org.springframework.security.web.header.HeaderWriterFilter.doHeadersAfter(HeaderWriterFilter.java:90) ~[spring-security-web-6.4.3.jar:6.4.3]
		at org.springframework.security.web.header.HeaderWriterFilter.doFilterInternal(HeaderWriterFilter.java:75) ~[spring-security-web-6.4.3.jar:6.4.3]
		at org.springframework.web.filter.OncePerRequestFilter.doFilter(OncePerRequestFilter.java:116) ~[spring-web-6.2.3.jar:6.2.3]
		at org.springframework.security.web.FilterChainProxy$VirtualFilterChain.doFilter(FilterChainProxy.java:374) ~[spring-security-web-6.4.3.jar:6.4.3]
		at org.springframework.security.web.context.SecurityContextHolderFilter.doFilter(SecurityContextHolderFilter.java:82) ~[spring-security-web-6.4.3.jar:6.4.3]
		at org.springframework.security.web.context.SecurityContextHolderFilter.doFilter(SecurityContextHolderFilter.java:69) ~[spring-security-web-6.4.3.jar:6.4.3]
		at org.springframework.security.web.FilterChainProxy$VirtualFilterChain.doFilter(FilterChainProxy.java:374) ~[spring-security-web-6.4.3.jar:6.4.3]
		at org.springframework.security.web.context.request.async.WebAsyncManagerIntegrationFilter.doFilterInternal(WebAsyncManagerIntegrationFilter.java:62) ~[spring-security-web-6.4.3.jar:6.4.3]
		at org.springframework.web.filter.OncePerRequestFilter.doFilter(OncePerRequestFilter.java:116) ~[spring-web-6.2.3.jar:6.2.3]
		at org.springframework.security.web.FilterChainProxy$VirtualFilterChain.doFilter(FilterChainProxy.java:374) ~[spring-security-web-6.4.3.jar:6.4.3]
		at org.springframework.security.web.session.DisableEncodeUrlFilter.doFilterInternal(DisableEncodeUrlFilter.java:42) ~[spring-security-web-6.4.3.jar:6.4.3]
		at org.springframework.web.filter.OncePerRequestFilter.doFilter(OncePerRequestFilter.java:116) ~[spring-web-6.2.3.jar:6.2.3]
		at org.springframework.security.web.FilterChainProxy$VirtualFilterChain.doFilter(FilterChainProxy.java:374) ~[spring-security-web-6.4.3.jar:6.4.3]
		at org.springframework.security.web.FilterChainProxy.doFilterInternal(FilterChainProxy.java:233) ~[spring-security-web-6.4.3.jar:6.4.3]
		at org.springframework.security.web.FilterChainProxy.doFilter(FilterChainProxy.java:191) ~[spring-security-web-6.4.3.jar:6.4.3]
		at org.springframework.web.filter.CompositeFilter$VirtualFilterChain.doFilter(CompositeFilter.java:113) ~[spring-web-6.2.3.jar:6.2.3]
		at org.springframework.web.servlet.handler.HandlerMappingIntrospector.lambda$createCacheFilter$3(HandlerMappingIntrospector.java:243) ~[spring-webmvc-6.2.3.jar:6.2.3]
		at org.springframework.web.filter.CompositeFilter$VirtualFilterChain.doFilter(CompositeFilter.java:113) ~[spring-web-6.2.3.jar:6.2.3]
		at org.springframework.web.filter.CompositeFilter.doFilter(CompositeFilter.java:74) ~[spring-web-6.2.3.jar:6.2.3]
		at org.springframework.security.config.annotation.web.configuration.WebMvcSecurityConfiguration$CompositeFilterChainProxy.doFilter(WebMvcSecurityConfiguration.java:238) ~[spring-security-config-6.4.3.jar:6.4.3]
		at org.springframework.web.filter.DelegatingFilterProxy.invokeDelegate(DelegatingFilterProxy.java:362) ~[spring-web-6.2.3.jar:6.2.3]
		at org.springframework.web.filter.DelegatingFilterProxy.doFilter(DelegatingFilterProxy.java:278) ~[spring-web-6.2.3.jar:6.2.3]
		at org.apache.catalina.core.ApplicationFilterChain.internalDoFilter(ApplicationFilterChain.java:164) ~[tomcat-embed-core-10.1.36.jar:10.1.36]
		at org.apache.catalina.core.ApplicationFilterChain.doFilter(ApplicationFilterChain.java:140) ~[tomcat-embed-core-10.1.36.jar:10.1.36]
		at org.springframework.web.filter.RequestContextFilter.doFilterInternal(RequestContextFilter.java:100) ~[spring-web-6.2.3.jar:6.2.3]
		at org.springframework.web.filter.OncePerRequestFilter.doFilter(OncePerRequestFilter.java:116) ~[spring-web-6.2.3.jar:6.2.3]
		at org.apache.catalina.core.ApplicationFilterChain.internalDoFilter(ApplicationFilterChain.java:164) ~[tomcat-embed-core-10.1.36.jar:10.1.36]
		at org.apache.catalina.core.ApplicationFilterChain.doFilter(ApplicationFilterChain.java:140) ~[tomcat-embed-core-10.1.36.jar:10.1.36]
		at org.springframework.web.filter.FormContentFilter.doFilterInternal(FormContentFilter.java:93) ~[spring-web-6.2.3.jar:6.2.3]
		at org.springframework.web.filter.OncePerRequestFilter.doFilter(OncePerRequestFilter.java:116) ~[spring-web-6.2.3.jar:6.2.3]
		at org.apache.catalina.core.ApplicationFilterChain.internalDoFilter(ApplicationFilterChain.java:164) ~[tomcat-embed-core-10.1.36.jar:10.1.36]
		at org.apache.catalina.core.ApplicationFilterChain.doFilter(ApplicationFilterChain.java:140) ~[tomcat-embed-core-10.1.36.jar:10.1.36]
		at org.springframework.web.filter.CharacterEncodingFilter.doFilterInternal(CharacterEncodingFilter.java:201) ~[spring-web-6.2.3.jar:6.2.3]
		at org.springframework.web.filter.OncePerRequestFilter.doFilter(OncePerRequestFilter.java:116) ~[spring-web-6.2.3.jar:6.2.3]
		at org.apache.catalina.core.ApplicationFilterChain.internalDoFilter(ApplicationFilterChain.java:164) ~[tomcat-embed-core-10.1.36.jar:10.1.36]
		at org.apache.catalina.core.ApplicationFilterChain.doFilter(ApplicationFilterChain.java:140) ~[tomcat-embed-core-10.1.36.jar:10.1.36]
		at org.apache.catalina.core.StandardWrapperValve.invoke(StandardWrapperValve.java:167) ~[tomcat-embed-core-10.1.36.jar:10.1.36]
		at org.apache.catalina.core.StandardContextValve.invoke(StandardContextValve.java:90) ~[tomcat-embed-core-10.1.36.jar:10.1.36]
		at org.apache.catalina.authenticator.AuthenticatorBase.invoke(AuthenticatorBase.java:483) ~[tomcat-embed-core-10.1.36.jar:10.1.36]
		at org.apache.catalina.core.StandardHostValve.invoke(StandardHostValve.java:115) ~[tomcat-embed-core-10.1.36.jar:10.1.36]
		at org.apache.catalina.valves.ErrorReportValve.invoke(ErrorReportValve.java:93) ~[tomcat-embed-core-10.1.36.jar:10.1.36]
		at org.apache.catalina.core.StandardEngineValve.invoke(StandardEngineValve.java:74) ~[tomcat-embed-core-10.1.36.jar:10.1.36]
		at org.apache.catalina.connector.CoyoteAdapter.service(CoyoteAdapter.java:344) ~[tomcat-embed-core-10.1.36.jar:10.1.36]
		at org.apache.coyote.http11.Http11Processor.service(Http11Processor.java:397) ~[tomcat-embed-core-10.1.36.jar:10.1.36]
		at org.apache.coyote.AbstractProcessorLight.process(AbstractProcessorLight.java:63) ~[tomcat-embed-core-10.1.36.jar:10.1.36]
		at org.apache.coyote.AbstractProtocol$ConnectionHandler.process(AbstractProtocol.java:905) ~[tomcat-embed-core-10.1.36.jar:10.1.36]
		at org.apache.tomcat.util.net.NioEndpoint$SocketProcessor.doRun(NioEndpoint.java:1743) ~[tomcat-embed-core-10.1.36.jar:10.1.36]
		at org.apache.tomcat.util.net.SocketProcessorBase.run(SocketProcessorBase.java:52) ~[tomcat-embed-core-10.1.36.jar:10.1.36]
		at org.apache.tomcat.util.threads.ThreadPoolExecutor.runWorker(ThreadPoolExecutor.java:1190) ~[tomcat-embed-core-10.1.36.jar:10.1.36]
		at org.apache.tomcat.util.threads.ThreadPoolExecutor$Worker.run(ThreadPoolExecutor.java:659) ~[tomcat-embed-core-10.1.36.jar:10.1.36]
		at org.apache.tomcat.util.threads.TaskThread$WrappingRunnable.run(TaskThread.java:63) ~[tomcat-embed-core-10.1.36.jar:10.1.36]
		... 1 common frames omitted
Caused by: org.springframework.core.io.buffer.DataBufferLimitException: Exceeded limit on max bytes to buffer : 262144
	at org.springframework.core.io.buffer.LimitedDataBufferList.raiseLimitException(LimitedDataBufferList.java:99) ~[spring-core-6.2.3.jar:6.2.3]
	Suppressed: reactor.core.publisher.FluxOnAssembly$OnAssemblyException: 
Error has been observed at the following site(s):
	*__checkpoint ⇢ Body from GET https://kudago.com/public-api/v1.4/events/?fields=id,title,dates,place,description,images&expand=images,place,dates&lang=ru&page=1&page_size=10&city=%D0%9C%D0%BE%D1%81%D0%BA%D0%B2%D0%B0&actual_since=2025-04-19 [DefaultClientResponse]
Original Stack Trace:
		at org.springframework.core.io.buffer.LimitedDataBufferList.raiseLimitException(LimitedDataBufferList.java:99) ~[spring-core-6.2.3.jar:6.2.3]
		at org.springframework.core.io.buffer.LimitedDataBufferList.updateCount(LimitedDataBufferList.java:92) ~[spring-core-6.2.3.jar:6.2.3]
		at org.springframework.core.io.buffer.LimitedDataBufferList.add(LimitedDataBufferList.java:58) ~[spring-core-6.2.3.jar:6.2.3]
		at reactor.core.publisher.MonoCollect$CollectSubscriber.onNext(MonoCollect.java:103) ~[reactor-core-3.7.3.jar:3.7.3]
		at reactor.core.publisher.FluxPublish$PublishSubscriber.drain(FluxPublish.java:571) ~[reactor-core-3.7.3.jar:3.7.3]
		at reactor.core.publisher.FluxPublish$PublishSubscriber.onNext(FluxPublish.java:310) ~[reactor-core-3.7.3.jar:3.7.3]
		at reactor.core.publisher.FluxContextWrite$ContextWriteSubscriber.onNext(FluxContextWrite.java:107) ~[reactor-core-3.7.3.jar:3.7.3]
		at reactor.core.publisher.FluxMapFuseable$MapFuseableConditionalSubscriber.onNext(FluxMapFuseable.java:299) ~[reactor-core-3.7.3.jar:3.7.3]
		at reactor.core.publisher.FluxFlattenIterable$FlattenIterableSubscriber.drainAsync(FluxFlattenIterable.java:453) ~[reactor-core-3.7.3.jar:3.7.3]
		at reactor.core.publisher.FluxFlattenIterable$FlattenIterableSubscriber.drain(FluxFlattenIterable.java:724) ~[reactor-core-3.7.3.jar:3.7.3]
		at reactor.core.publisher.FluxFlattenIterable$FlattenIterableSubscriber.onNext(FluxFlattenIterable.java:256) ~[reactor-core-3.7.3.jar:3.7.3]
		at reactor.adapter.JdkFlowAdapter$SubscriberToRS.onNext(JdkFlowAdapter.java:150) ~[reactor-core-3.7.3.jar:3.7.3]
		at java.net.http/jdk.internal.net.http.ResponseSubscribers$PublishingBodySubscriber.onNext(ResponseSubscribers.java:1006) ~[java.net.http:na]
		at java.net.http/jdk.internal.net.http.ResponseSubscribers$PublishingBodySubscriber.onNext(ResponseSubscribers.java:846) ~[java.net.http:na]
		at java.net.http/jdk.internal.net.http.Stream.schedule(Stream.java:219) ~[java.net.http:na]
		at java.net.http/jdk.internal.net.http.common.SequentialScheduler$LockingRestartableTask.run(SequentialScheduler.java:205) ~[java.net.http:na]
		at java.net.http/jdk.internal.net.http.common.SequentialScheduler$CompleteRestartableTask.run(SequentialScheduler.java:149) ~[java.net.http:na]
		at java.net.http/jdk.internal.net.http.common.SequentialScheduler$SchedulableTask.run(SequentialScheduler.java:230) ~[java.net.http:na]
		at java.net.http/jdk.internal.net.http.common.SequentialScheduler.runOrSchedule(SequentialScheduler.java:303) ~[java.net.http:na]
		at java.net.http/jdk.internal.net.http.common.SequentialScheduler.runOrSchedule(SequentialScheduler.java:256) ~[java.net.http:na]
		at java.net.http/jdk.internal.net.http.Stream.receiveDataFrame(Stream.java:346) ~[java.net.http:na]
		at java.net.http/jdk.internal.net.http.Stream.incoming(Stream.java:452) ~[java.net.http:na]
		at java.net.http/jdk.internal.net.http.Http2Connection.processFrame(Http2Connection.java:950) ~[java.net.http:na]
		at java.net.http/jdk.internal.net.http.frame.FramesDecoder.decode(FramesDecoder.java:155) ~[java.net.http:na]
		at java.net.http/jdk.internal.net.http.Http2Connection$FramesController.processReceivedData(Http2Connection.java:237) ~[java.net.http:na]
		at java.net.http/jdk.internal.net.http.Http2Connection.asyncReceive(Http2Connection.java:757) ~[java.net.http:na]
		at java.net.http/jdk.internal.net.http.Http2Connection$Http2TubeSubscriber.processQueue(Http2Connection.java:1531) ~[java.net.http:na]
		at java.net.http/jdk.internal.net.http.common.SequentialScheduler$LockingRestartableTask.run(SequentialScheduler.java:205) ~[java.net.http:na]
		at java.net.http/jdk.internal.net.http.common.SequentialScheduler$CompleteRestartableTask.run(SequentialScheduler.java:149) ~[java.net.http:na]
		at java.net.http/jdk.internal.net.http.common.SequentialScheduler$SchedulableTask.run(SequentialScheduler.java:230) ~[java.net.http:na]
		at java.net.http/jdk.internal.net.http.common.SequentialScheduler.runOrSchedule(SequentialScheduler.java:303) ~[java.net.http:na]
		at java.net.http/jdk.internal.net.http.common.SequentialScheduler.runOrSchedule(SequentialScheduler.java:256) ~[java.net.http:na]
		at java.net.http/jdk.internal.net.http.Http2Connection$Http2TubeSubscriber.runOrSchedule(Http2Connection.java:1548) ~[java.net.http:na]
		at java.net.http/jdk.internal.net.http.Http2Connection$Http2TubeSubscriber.onNext(Http2Connection.java:1575) ~[java.net.http:na]
		at java.net.http/jdk.internal.net.http.Http2Connection$Http2TubeSubscriber.onNext(Http2Connection.java:1509) ~[java.net.http:na]
		at java.net.http/jdk.internal.net.http.common.SSLTube$DelegateWrapper.onNext(SSLTube.java:210) ~[java.net.http:na]
		at java.net.http/jdk.internal.net.http.common.SSLTube$SSLSubscriberWrapper.onNext(SSLTube.java:492) ~[java.net.http:na]
		at java.net.http/jdk.internal.net.http.common.SSLTube$SSLSubscriberWrapper.onNext(SSLTube.java:295) ~[java.net.http:na]
		at java.net.http/jdk.internal.net.http.common.SubscriberWrapper$DownstreamPusher.run1(SubscriberWrapper.java:316) ~[java.net.http:na]
		at java.net.http/jdk.internal.net.http.common.SubscriberWrapper$DownstreamPusher.run(SubscriberWrapper.java:259) ~[java.net.http:na]
		at java.net.http/jdk.internal.net.http.common.SequentialScheduler$LockingRestartableTask.run(SequentialScheduler.java:205) ~[java.net.http:na]
		at java.net.http/jdk.internal.net.http.common.SequentialScheduler$CompleteRestartableTask.run(SequentialScheduler.java:149) ~[java.net.http:na]
		at java.net.http/jdk.internal.net.http.common.SequentialScheduler$SchedulableTask.run(SequentialScheduler.java:230) ~[java.net.http:na]
		at java.net.http/jdk.internal.net.http.common.SequentialScheduler.runOrSchedule(SequentialScheduler.java:303) ~[java.net.http:na]
		at java.net.http/jdk.internal.net.http.common.SequentialScheduler.runOrSchedule(SequentialScheduler.java:256) ~[java.net.http:na]
		at java.net.http/jdk.internal.net.http.common.SubscriberWrapper.outgoing(SubscriberWrapper.java:232) ~[java.net.http:na]
		at java.net.http/jdk.internal.net.http.common.SubscriberWrapper.outgoing(SubscriberWrapper.java:198) ~[java.net.http:na]
		at java.net.http/jdk.internal.net.http.common.SSLFlowDelegate$Reader.processData(SSLFlowDelegate.java:458) ~[java.net.http:na]
		at java.net.http/jdk.internal.net.http.common.SSLFlowDelegate$Reader$ReaderDownstreamPusher.run(SSLFlowDelegate.java:282) ~[java.net.http:na]
		at java.net.http/jdk.internal.net.http.common.SequentialScheduler$LockingRestartableTask.run(SequentialScheduler.java:205) ~[java.net.http:na]
		at java.net.http/jdk.internal.net.http.common.SequentialScheduler$CompleteRestartableTask.run(SequentialScheduler.java:149) ~[java.net.http:na]
		at java.net.http/jdk.internal.net.http.common.SequentialScheduler$SchedulableTask.run(SequentialScheduler.java:230) ~[java.net.http:na]
		at java.base/java.util.concurrent.ThreadPoolExecutor.runWorker(ThreadPoolExecutor.java:1136) ~[na:na]
		at java.base/java.util.concurrent.ThreadPoolExecutor$Worker.run(ThreadPoolExecutor.java:635) ~[na:na]
		at java.base/java.lang.Thread.run(Thread.java:840) ~[na:na]

2025-04-19T10:48:37.502+03:00  INFO 37053 --- [family] [SpringApplicationShutdownHook] o.s.b.w.e.tomcat.GracefulShutdown        : Commencing graceful shutdown. Waiting for active requests to complete
2025-04-19T10:48:37.508+03:00  INFO 37053 --- [family] [tomcat-shutdown] o.s.b.w.e.tomcat.GracefulShutdown        : Graceful shutdown complete
2025-04-19T10:48:37.512+03:00  INFO 37053 --- [family] [SpringApplicationShutdownHook] j.LocalContainerEntityManagerFactoryBean : Closing JPA EntityManagerFactory for persistence unit 'default'
2025-04-19T10:48:37.514+03:00  INFO 37053 --- [family] [SpringApplicationShutdownHook] com.zaxxer.hikari.HikariDataSource       : HikariPool-1 - Shutdown initiated...
2025-04-19T10:48:37.515+03:00  INFO 37053 --- [family] [SpringApplicationShutdownHook] com.zaxxer.hikari.HikariDataSource       : HikariPool-1 - Shutdown completed.
2025-04-19T10:48:39.927+03:00  INFO 37680 --- [family] [main] rut.uvp.family.FamilyApplicationKt       : Starting FamilyApplicationKt using Java 17.0.14 with PID 37680 (/Users/glebporosin/IdeaProjects/AI-tutor/build/classes/kotlin/main started by glebporosin in /Users/glebporosin/IdeaProjects/AI-tutor)
2025-04-19T10:48:39.928+03:00  INFO 37680 --- [family] [main] rut.uvp.family.FamilyApplicationKt       : No active profile set, falling back to 1 default profile: "default"
2025-04-19T10:48:40.350+03:00  INFO 37680 --- [family] [main] .s.d.r.c.RepositoryConfigurationDelegate : Bootstrapping Spring Data JPA repositories in DEFAULT mode.
2025-04-19T10:48:40.441+03:00  INFO 37680 --- [family] [main] .s.d.r.c.RepositoryConfigurationDelegate : Finished Spring Data repository scanning in 84 ms. Found 4 JPA repository interfaces.
2025-04-19T10:48:40.783+03:00  INFO 37680 --- [family] [main] o.s.b.w.embedded.tomcat.TomcatWebServer  : Tomcat initialized with port 8080 (http)
2025-04-19T10:48:40.793+03:00  INFO 37680 --- [family] [main] o.apache.catalina.core.StandardService   : Starting service [Tomcat]
2025-04-19T10:48:40.793+03:00  INFO 37680 --- [family] [main] o.apache.catalina.core.StandardEngine    : Starting Servlet engine: [Apache Tomcat/10.1.36]
2025-04-19T10:48:40.829+03:00  INFO 37680 --- [family] [main] o.a.c.c.C.[Tomcat].[localhost].[/]       : Initializing Spring embedded WebApplicationContext
2025-04-19T10:48:40.830+03:00  INFO 37680 --- [family] [main] w.s.c.ServletWebServerApplicationContext : Root WebApplicationContext: initialization completed in 885 ms
2025-04-19T10:48:40.957+03:00  INFO 37680 --- [family] [main] com.zaxxer.hikari.HikariDataSource       : HikariPool-1 - Starting...
2025-04-19T10:48:41.056+03:00  INFO 37680 --- [family] [main] com.zaxxer.hikari.pool.HikariPool        : HikariPool-1 - Added connection conn0: url=jdbc:h2:mem:testdb user=SA
2025-04-19T10:48:41.058+03:00  INFO 37680 --- [family] [main] com.zaxxer.hikari.HikariDataSource       : HikariPool-1 - Start completed.
2025-04-19T10:48:41.087+03:00  INFO 37680 --- [family] [main] org.flywaydb.core.FlywayExecutor         : Database: jdbc:h2:mem:testdb (H2 2.3)
2025-04-19T10:48:41.090+03:00  WARN 37680 --- [family] [main] o.f.c.internal.database.base.Database    : Flyway upgrade recommended: H2 2.3.232 is newer than this version of Flyway and support has not been tested. The latest supported version of H2 is 2.2.224.
2025-04-19T10:48:41.100+03:00  INFO 37680 --- [family] [main] o.f.c.i.s.JdbcTableSchemaHistory         : Schema history table "PUBLIC"."flyway_schema_history" does not exist yet
2025-04-19T10:48:41.101+03:00  INFO 37680 --- [family] [main] o.f.core.internal.command.DbValidate     : Successfully validated 1 migration (execution time 00:00.005s)
2025-04-19T10:48:41.105+03:00  INFO 37680 --- [family] [main] o.f.c.i.s.JdbcTableSchemaHistory         : Creating Schema History table "PUBLIC"."flyway_schema_history" ...
2025-04-19T10:48:41.121+03:00  INFO 37680 --- [family] [main] o.f.core.internal.command.DbMigrate      : Current version of schema "PUBLIC": << Empty Schema >>
2025-04-19T10:48:41.124+03:00  INFO 37680 --- [family] [main] o.f.core.internal.command.DbMigrate      : Migrating schema "PUBLIC" to version "1 - init"
2025-04-19T10:48:41.133+03:00  INFO 37680 --- [family] [main] o.f.core.internal.command.DbMigrate      : Successfully applied 1 migration to schema "PUBLIC", now at version v1 (execution time 00:00.004s)
2025-04-19T10:48:41.174+03:00  INFO 37680 --- [family] [main] o.hibernate.jpa.internal.util.LogHelper  : HHH000204: Processing PersistenceUnitInfo [name: default]
2025-04-19T10:48:41.195+03:00  INFO 37680 --- [family] [main] org.hibernate.Version                    : HHH000412: Hibernate ORM core version 6.6.8.Final
2025-04-19T10:48:41.208+03:00  INFO 37680 --- [family] [main] o.h.c.internal.RegionFactoryInitiator    : HHH000026: Second-level cache disabled
2025-04-19T10:48:41.313+03:00  INFO 37680 --- [family] [main] o.s.o.j.p.SpringPersistenceUnitInfo      : No LoadTimeWeaver setup: ignoring JPA class transformer
2025-04-19T10:48:41.342+03:00  INFO 37680 --- [family] [main] org.hibernate.orm.connections.pooling    : HHH10001005: Database info:
	Database JDBC URL [Connecting through datasource 'HikariDataSource (HikariPool-1)']
	Database driver: undefined/unknown
	Database version: 2.3.232
	Autocommit mode: undefined/unknown
	Isolation level: undefined/unknown
	Minimum pool size: undefined/unknown
	Maximum pool size: undefined/unknown
2025-04-19T10:48:41.550+03:00  INFO 37680 --- [family] [main] o.h.m.i.EntityInstantiatorPojoStandard   : HHH000182: No default (no-argument) constructor for class: rut.uvp.family.model.CalendarEvent (class must be instantiated by Interceptor)
2025-04-19T10:48:41.550+03:00  INFO 37680 --- [family] [main] o.h.m.i.EntityInstantiatorPojoStandard   : HHH000182: No default (no-argument) constructor for class: rut.uvp.family.model.User (class must be instantiated by Interceptor)
2025-04-19T10:48:41.598+03:00  INFO 37680 --- [family] [main] o.h.e.t.j.p.i.JtaPlatformInitiator       : HHH000489: No JTA platform available (set 'hibernate.transaction.jta.platform' to enable JTA platform integration)
2025-04-19T10:48:41.605+03:00  INFO 37680 --- [family] [main] j.LocalContainerEntityManagerFactoryBean : Initialized JPA EntityManagerFactory for persistence unit 'default'
2025-04-19T10:48:42.091+03:00  WARN 37680 --- [family] [main] JpaBaseConfiguration$JpaWebConfiguration : spring.jpa.open-in-view is enabled by default. Therefore, database queries may be performed during view rendering. Explicitly configure spring.jpa.open-in-view to disable this warning
2025-04-19T10:48:42.107+03:00  WARN 37680 --- [family] [main] .s.s.UserDetailsServiceAutoConfiguration : 

Using generated security password: a1d207dd-9696-4616-8410-13a750c5efc2

This generated password is for development use only. Your security configuration must be updated before running your application in production.

2025-04-19T10:48:42.110+03:00  INFO 37680 --- [family] [main] r$InitializeUserDetailsManagerConfigurer : Global AuthenticationManager configured with UserDetailsService bean with name inMemoryUserDetailsManager
2025-04-19T10:48:42.284+03:00  INFO 37680 --- [family] [main] o.s.b.w.embedded.tomcat.TomcatWebServer  : Tomcat started on port 8080 (http) with context path '/'
2025-04-19T10:48:42.289+03:00  INFO 37680 --- [family] [main] rut.uvp.family.FamilyApplicationKt       : Started FamilyApplicationKt in 2.524 seconds (process running for 2.722)
2025-04-19T10:49:14.805+03:00  INFO 37680 --- [family] [http-nio-8080-exec-1] o.a.c.c.C.[Tomcat].[localhost].[/]       : Initializing Spring DispatcherServlet 'dispatcherServlet'
2025-04-19T10:49:14.807+03:00  INFO 37680 --- [family] [http-nio-8080-exec-1] o.s.web.servlet.DispatcherServlet        : Initializing Servlet 'dispatcherServlet'
2025-04-19T10:49:14.812+03:00  INFO 37680 --- [family] [http-nio-8080-exec-1] o.s.web.servlet.DispatcherServlet        : Completed initialization in 5 ms
